Drill report for herovco_front.kicad_pcb
Created on Fri Jun 24 07:06:23 2022

Copper Layer Stackup:
    =============================================================
    L1 :  F.Cu                      front
    L2 :  B.Cu                      back


Drill file 'herovco_front.drl' contains
    plated through holes:
    =============================================================
    T1  0.400mm  0.0157"  (3 holes)
    T2  0.700mm  0.0276"  (6 holes)
    T3  0.800mm  0.0315"  (151 holes)
    T4  1.000mm  0.0394"  (30 holes)
    T5  1.100mm  0.0433"  (14 holes)  (with 10 slots)
    T6  1.200mm  0.0472"  (3 holes)

    Total plated holes count 207


Not plated through holes are merged with plated holes
    unplated through holes:
    =============================================================
    T7  3.200mm  0.1260"  (3 holes)

    Total unplated holes count 3
