Drill report for herovco_back.kicad_pcb
Created on Sat Jan 29 17:03:43 2022

Copper Layer Stackup:
    =============================================================
    L1 :  F.Cu                      front
    L2 :  B.Cu                      back


Drill file 'herovco_back.drl' contains
    plated through holes:
    =============================================================
    T1  0.400mm  0.0157"  (1 hole)
    T2  0.700mm  0.0276"  (3 holes)
    T3  0.800mm  0.0315"  (93 holes)
    T4  1.000mm  0.0394"  (23 holes)
    T5  1.016mm  0.0400"  (10 holes)
    T6  1.100mm  0.0433"  (4 holes)
    T7  2.700mm  0.1063"  (50 holes)

    Total plated holes count 184


Not plated through holes are merged with plated holes
    unplated through holes:
    =============================================================
    T8  3.200mm  0.1260"  (3 holes)

    Total unplated holes count 3
